<html>
<head>
<title>TestNG:  System Test</title>
<link href="../testng.css" rel="stylesheet" type="text/css" />
<link href="../my-testng.css" rel="stylesheet" type="text/css" />

<style type="text/css">
.log { display: none;} 
.stack-trace { display: none;} 
</style>
<script type="text/javascript">
<!--
function flip(e) {
  current = e.style.display;
  if (current == 'block') {
    e.style.display = 'none';
    return 0;
  }
  else {
    e.style.display = 'block';
    return 1;
  }
}

function toggleBox(szDivId, elem, msg1, msg2)
{
  var res = -1;  if (document.getElementById) {
    res = flip(document.getElementById(szDivId));
  }
  else if (document.all) {
    // this is the way old msie versions work
    res = flip(document.all[szDivId]);
  }
  if(elem) {
    if(res == 0) elem.innerHTML = msg1; else elem.innerHTML = msg2;
  }

}

function toggleAllBoxes() {
  if (document.getElementsByTagName) {
    d = document.getElementsByTagName('div');
    for (i = 0; i < d.length; i++) {
      if (d[i].className == 'log') {
        flip(d[i]);
      }
    }
  }
}

// -->
</script>

</head>
<body>
<h2 align='center'>System Test</h2><table border='1' align="center">
<tr>
<td>Tests passed/Failed/Skipped:</td><td>58/1/0</td>
</tr><tr>
<td>Started on:</td><td>Wed Nov 22 05:36:37 EET 2023</td>
</tr>
<tr><td>Total time:</td><td>151 seconds (151408 ms)</td>
</tr><tr>
<td>Included groups:</td><td></td>
</tr><tr>
<td>Excluded groups:</td><td></td>
</tr>
</table><p/>
<small><i>(Hover the method name to see the test class name)</i></small><p/>
<table width='100%' border='1' class='invocation-failed'>
<tr><td colspan='4' align='center'><b>FAILED TESTS</b></td></tr>
<tr><td><b>Test method</b></td>
<td width="30%"><b>Exception</b></td>
<td width="10%"><b>Time (seconds)</b></td>
<td><b>Instance</b></td>
</tr>
<tr>
<td title='testCases.RegistrationTest.RegisterHappyScinario()'><b>RegisterHappyScinario</b><br>Test class: testCases.RegistrationTest</td>
<td><div><pre>org.openqa.selenium.NoSuchElementException: no such element: Unable to locate element: {&quot;method&quot;:&quot;css selector&quot;,&quot;selector&quot;:&quot;*[name=&apos;submit login&apos;]&quot;}
  (Session info: chrome=119.0.6045.160)
For documentation on this error, please visit: https://www.selenium.dev/documentation/webdriver/troubleshooting/errors#no-such-element-exception
Build info: version: &apos;4.10.0&apos;, revision: &apos;c14d967899&apos;
System info: os.name: &apos;Windows 10&apos;, os.arch: &apos;amd64&apos;, os.version: &apos;10.0&apos;, java.version: &apos;20.0.1&apos;
Driver info: org.openqa.selenium.chrome.ChromeDriver
Command: [0cdca0b91bbc12b4051e2fea000bbe44, findElement {using=name, value=submit login}]
Capabilities {acceptInsecureCerts: false, browserName: chrome, browserVersion: 119.0.6045.160, chrome: {chromedriverVersion: 119.0.6045.105 (38c72552c5e..., userDataDir: C:\Users\Shogaa\AppData\Loc...}, fedcm:accounts: true, goog:chromeOptions: {debuggerAddress: localhost:58558}, networkConnectionEnabled: false, pageLoadStrategy: normal, platformName: windows, proxy: Proxy(), se:cdp: ws://localhost:58558/devtoo..., se:cdpVersion: 119.0.6045.160, setWindowRect: true, strictFileInteractability: false, timeouts: {implicit: 0, pageLoad: 300000, script: 30000}, unhandledPromptBehavior: dismiss and notify, webauthn:extension:credBlob: true, webauthn:extension:largeBlob: true, webauthn:extension:minPinLength: true, webauthn:extension:prf: true, webauthn:virtualAuthenticators: true}
Session ID: 0cdca0b91bbc12b4051e2fea000bbe44
	at org.openqa.selenium.remote.codec.w3c.W3CHttpResponseCodec.createException(W3CHttpResponseCodec.java:200)
	at org.openqa.selenium.remote.codec.w3c.W3CHttpResponseCodec.decode(W3CHttpResponseCodec.java:133)
	at org.openqa.selenium.remote.codec.w3c.W3CHttpResponseCodec.decode(W3CHttpResponseCodec.java:52)
	at org.openqa.selenium.remote.HttpCommandExecutor.execute(HttpCommandExecutor.java:191)
	at org.openqa.selenium.remote.service.DriverCommandExecutor.invokeExecute(DriverCommandExecutor.java:196)
	at org.openqa.selenium.remote.service.DriverCommandExecutor.execute(DriverCommandExecutor.java:171)
	at org.openqa.selenium.remote.RemoteWebDriver.execute(RemoteWebDriver.java:518)
	at org.openqa.selenium.remote.ElementLocation$ElementFinder$2.findElement(ElementLocation.java:165)
	at org.openqa.selenium.remote.ElementLocation.findElement(ElementLocation.java:59)
	at org.openqa.selenium.remote.RemoteWebDriver.findElement(RemoteWebDriver.java:355)
	at org.openqa.selenium.remote.RemoteWebDriver.findElement(RemoteWebDriver.java:349)
	at org.openqa.selenium.support.pagefactory.DefaultElementLocator.findElement(DefaultElementLocator.java:68)
	at org.openqa.selenium.support.pagefactory.internal.LocatingElementHandler.invoke(LocatingElementHandler.java:38)
	at jdk.proxy2/jdk.proxy2.$Proxy23.getText(Unknown Source)
	at testCases.TestBase.AssertElementContainText(TestBase.java:153)
	at testCases.RegistrationTest.RegisterHappyScinario(RegistrationTest.java:40)
	at java.base/java.util.ArrayList.forEach(ArrayList.java:1511)
... Removed 28 stack frames</pre></div><a href='#' onClick='toggleBox("stack-trace540537131", this, "Click to show all stack frames", "Click to hide stack frames")'>Click to show all stack frames</a>
<div class='stack-trace' id='stack-trace540537131'><pre>org.openqa.selenium.NoSuchElementException: no such element: Unable to locate element: {&quot;method&quot;:&quot;css selector&quot;,&quot;selector&quot;:&quot;*[name=&apos;submit login&apos;]&quot;}
  (Session info: chrome=119.0.6045.160)
For documentation on this error, please visit: https://www.selenium.dev/documentation/webdriver/troubleshooting/errors#no-such-element-exception
Build info: version: &apos;4.10.0&apos;, revision: &apos;c14d967899&apos;
System info: os.name: &apos;Windows 10&apos;, os.arch: &apos;amd64&apos;, os.version: &apos;10.0&apos;, java.version: &apos;20.0.1&apos;
Driver info: org.openqa.selenium.chrome.ChromeDriver
Command: [0cdca0b91bbc12b4051e2fea000bbe44, findElement {using=name, value=submit login}]
Capabilities {acceptInsecureCerts: false, browserName: chrome, browserVersion: 119.0.6045.160, chrome: {chromedriverVersion: 119.0.6045.105 (38c72552c5e..., userDataDir: C:\Users\Shogaa\AppData\Loc...}, fedcm:accounts: true, goog:chromeOptions: {debuggerAddress: localhost:58558}, networkConnectionEnabled: false, pageLoadStrategy: normal, platformName: windows, proxy: Proxy(), se:cdp: ws://localhost:58558/devtoo..., se:cdpVersion: 119.0.6045.160, setWindowRect: true, strictFileInteractability: false, timeouts: {implicit: 0, pageLoad: 300000, script: 30000}, unhandledPromptBehavior: dismiss and notify, webauthn:extension:credBlob: true, webauthn:extension:largeBlob: true, webauthn:extension:minPinLength: true, webauthn:extension:prf: true, webauthn:virtualAuthenticators: true}
Session ID: 0cdca0b91bbc12b4051e2fea000bbe44
	at java.base/jdk.internal.reflect.DirectConstructorHandleAccessor.newInstance(DirectConstructorHandleAccessor.java:67)
	at java.base/java.lang.reflect.Constructor.newInstanceWithCaller(Constructor.java:500)
	at java.base/java.lang.reflect.Constructor.newInstance(Constructor.java:484)
	at org.openqa.selenium.remote.codec.w3c.W3CHttpResponseCodec.createException(W3CHttpResponseCodec.java:200)
	at org.openqa.selenium.remote.codec.w3c.W3CHttpResponseCodec.decode(W3CHttpResponseCodec.java:133)
	at org.openqa.selenium.remote.codec.w3c.W3CHttpResponseCodec.decode(W3CHttpResponseCodec.java:52)
	at org.openqa.selenium.remote.HttpCommandExecutor.execute(HttpCommandExecutor.java:191)
	at org.openqa.selenium.remote.service.DriverCommandExecutor.invokeExecute(DriverCommandExecutor.java:196)
	at org.openqa.selenium.remote.service.DriverCommandExecutor.execute(DriverCommandExecutor.java:171)
	at org.openqa.selenium.remote.RemoteWebDriver.execute(RemoteWebDriver.java:518)
	at org.openqa.selenium.remote.ElementLocation$ElementFinder$2.findElement(ElementLocation.java:165)
	at org.openqa.selenium.remote.ElementLocation.findElement(ElementLocation.java:59)
	at org.openqa.selenium.remote.RemoteWebDriver.findElement(RemoteWebDriver.java:355)
	at org.openqa.selenium.remote.RemoteWebDriver.findElement(RemoteWebDriver.java:349)
	at org.openqa.selenium.support.pagefactory.DefaultElementLocator.findElement(DefaultElementLocator.java:68)
	at org.openqa.selenium.support.pagefactory.internal.LocatingElementHandler.invoke(LocatingElementHandler.java:38)
	at jdk.proxy2/jdk.proxy2.$Proxy23.getText(Unknown Source)
	at testCases.TestBase.AssertElementContainText(TestBase.java:153)
	at testCases.RegistrationTest.RegisterHappyScinario(RegistrationTest.java:40)
	at java.base/jdk.internal.reflect.DirectMethodHandleAccessor.invoke(DirectMethodHandleAccessor.java:104)
	at java.base/java.lang.reflect.Method.invoke(Method.java:578)
	at org.testng.internal.MethodInvocationHelper.invokeMethod(MethodInvocationHelper.java:133)
	at org.testng.internal.TestInvoker.invokeMethod(TestInvoker.java:598)
	at org.testng.internal.TestInvoker.invokeTestMethod(TestInvoker.java:173)
	at org.testng.internal.MethodRunner.runInSequence(MethodRunner.java:46)
	at org.testng.internal.TestInvoker$MethodInvocationAgent.invoke(TestInvoker.java:824)
	at org.testng.internal.TestInvoker.invokeTestMethods(TestInvoker.java:146)
	at org.testng.internal.TestMethodWorker.invokeTestMethods(TestMethodWorker.java:146)
	at org.testng.internal.TestMethodWorker.run(TestMethodWorker.java:128)
	at java.base/java.util.ArrayList.forEach(ArrayList.java:1511)
	at org.testng.TestRunner.privateRun(TestRunner.java:794)
	at org.testng.TestRunner.run(TestRunner.java:596)
	at org.testng.SuiteRunner.runTest(SuiteRunner.java:377)
	at org.testng.SuiteRunner.runSequentially(SuiteRunner.java:371)
	at org.testng.SuiteRunner.privateRun(SuiteRunner.java:332)
	at org.testng.SuiteRunner.run(SuiteRunner.java:276)
	at org.testng.SuiteRunnerWorker.runSuite(SuiteRunnerWorker.java:53)
	at org.testng.SuiteRunnerWorker.run(SuiteRunnerWorker.java:96)
	at org.testng.TestNG.runSuitesSequentially(TestNG.java:1212)
	at org.testng.TestNG.runSuitesLocally(TestNG.java:1134)
	at org.testng.TestNG.runSuites(TestNG.java:1063)
	at org.testng.TestNG.run(TestNG.java:1031)
	at org.testng.remote.AbstractRemoteTestNG.run(AbstractRemoteTestNG.java:115)
	at org.testng.remote.RemoteTestNG.initAndRun(RemoteTestNG.java:251)
	at org.testng.remote.RemoteTestNG.main(RemoteTestNG.java:77)
</pre></div></td>
<td>16</td>
<td>testCases.RegistrationTest@169bb4dd</td></tr>
</table><p>
<table width='100%' border='1' class='invocation-passed'>
<tr><td colspan='4' align='center'><b>PASSED TESTS</b></td></tr>
<tr><td><b>Test method</b></td>
<td width="30%"><b>Exception</b></td>
<td width="10%"><b>Time (seconds)</b></td>
<td><b>Instance</b></td>
</tr>
<tr>
<td title='testCases.LoginTest.LoginWrongEmail()'><b>LoginWrongEmail</b><br>Test class: testCases.LoginTest</td>
<td></td>
<td>1</td>
<td>testCases.LoginTest@4dc27487</td></tr>
<tr>
<td title='testCases.RegistrationTest.RegisterMinFirstName()'><b>RegisterMinFirstName</b><br>Test class: testCases.RegistrationTest</td>
<td></td>
<td>1</td>
<td>testCases.RegistrationTest@169bb4dd</td></tr>
<tr>
<td title='testCases.LoginTest.LoginEmptyPassword()'><b>LoginEmptyPassword</b><br>Test class: testCases.LoginTest</td>
<td></td>
<td>0</td>
<td>testCases.LoginTest@4dc27487</td></tr>
<tr>
<td title='testCases.ChangePasswordTest.ChangePasswordConfirmNewPasswordNotMatchError()'><b>ChangePasswordConfirmNewPasswordNotMatchError</b><br>Test class: testCases.ChangePasswordTest</td>
<td></td>
<td>0</td>
<td>testCases.ChangePasswordTest@14dd7b39</td></tr>
<tr>
<td title='testCases.MyAccountTest.EditProfileLeaveFirstNameEmpty()'><b>EditProfileLeaveFirstNameEmpty</b><br>Test class: testCases.MyAccountTest</td>
<td></td>
<td>0</td>
<td>testCases.MyAccountTest@3aa078fd</td></tr>
<tr>
<td title='testCases.LoginTest.LoginHappyScienario()'><b>LoginHappyScienario</b><br>Test class: testCases.LoginTest</td>
<td></td>
<td>2</td>
<td>testCases.LoginTest@4dc27487</td></tr>
<tr>
<td title='testCases.RegistrationTest.RegisterMinLengthPassword()'><b>RegisterMinLengthPassword</b><br>Test class: testCases.RegistrationTest</td>
<td></td>
<td>1</td>
<td>testCases.RegistrationTest@169bb4dd</td></tr>
<tr>
<td title='testCases.MyAccountTest.EditProfileLastNameMaxLength()'><b>EditProfileLastNameMaxLength</b><br>Test class: testCases.MyAccountTest</td>
<td></td>
<td>0</td>
<td>testCases.MyAccountTest@3aa078fd</td></tr>
<tr>
<td title='testCases.CourseSearchTest.NumbersOnlyCourseNameError()'><b>NumbersOnlyCourseNameError</b><br>Test class: testCases.CourseSearchTest</td>
<td></td>
<td>0</td>
<td>testCases.CourseSearchTest@46d59067</td></tr>
<tr>
<td title='testCases.ForgetPasswordEmailTest.ForgetPasswordNotRegisteredEmial()'><b>ForgetPasswordNotRegisteredEmial</b><br>Test class: testCases.ForgetPasswordEmailTest</td>
<td></td>
<td>1</td>
<td>testCases.ForgetPasswordEmailTest@66ea810</td></tr>
<tr>
<td title='testCases.ForgetPasswordResetPasswordTest.ForgetPasswordNotMatchConfirmNewPassword()'><b>ForgetPasswordNotMatchConfirmNewPassword</b><br>Test class: testCases.ForgetPasswordResetPasswordTest</td>
<td></td>
<td>1</td>
<td>testCases.ForgetPasswordResetPasswordTest@5dafbe45</td></tr>
<tr>
<td title='testCases.RegistrationTest.RegisterEmptyConfirmPassword()'><b>RegisterEmptyConfirmPassword</b><br>Test class: testCases.RegistrationTest</td>
<td></td>
<td>1</td>
<td>testCases.RegistrationTest@169bb4dd</td></tr>
<tr>
<td title='testCases.ForgetPasswordResetPasswordTest.ForgetPasswordMinLengthNewPassword()'><b>ForgetPasswordMinLengthNewPassword</b><br>Test class: testCases.ForgetPasswordResetPasswordTest</td>
<td></td>
<td>0</td>
<td>testCases.ForgetPasswordResetPasswordTest@5dafbe45</td></tr>
<tr>
<td title='testCases.RegistrationTest.RegisterEmptyLastName()'><b>RegisterEmptyLastName</b><br>Test class: testCases.RegistrationTest</td>
<td></td>
<td>1</td>
<td>testCases.RegistrationTest@169bb4dd</td></tr>
<tr>
<td title='testCases.ChangePasswordTest.ChangePasswordOldPasswordMinLengthError()'><b>ChangePasswordOldPasswordMinLengthError</b><br>Test class: testCases.ChangePasswordTest</td>
<td></td>
<td>0</td>
<td>testCases.ChangePasswordTest@14dd7b39</td></tr>
<tr>
<td title='testCases.MyAccountTest.EditProfileFirstNameMinLength()'><b>EditProfileFirstNameMinLength</b><br>Test class: testCases.MyAccountTest</td>
<td></td>
<td>1</td>
<td>testCases.MyAccountTest@3aa078fd</td></tr>
<tr>
<td title='testCases.ChangePasswordTest.ChangePasswordOldPasswordEmptyError()'><b>ChangePasswordOldPasswordEmptyError</b><br>Test class: testCases.ChangePasswordTest</td>
<td></td>
<td>0</td>
<td>testCases.ChangePasswordTest@14dd7b39</td></tr>
<tr>
<td title='testCases.ChangePasswordTest.ChangePasswordHappyScienario()'><b>ChangePasswordHappyScienario</b><br>Test class: testCases.ChangePasswordTest</td>
<td></td>
<td>1</td>
<td>testCases.ChangePasswordTest@14dd7b39</td></tr>
<tr>
<td title='testCases.MyAccountTest.EditProfileFirstNameMaxLength()'><b>EditProfileFirstNameMaxLength</b><br>Test class: testCases.MyAccountTest</td>
<td></td>
<td>1</td>
<td>testCases.MyAccountTest@3aa078fd</td></tr>
<tr>
<td title='testCases.CourseSearchTest.SearchCourseHappyScienarioByCheckingOnSearchResultByText()'><b>SearchCourseHappyScienarioByCheckingOnSearchResultByText</b><br>Test class: testCases.CourseSearchTest</td>
<td></td>
<td>7</td>
<td>testCases.CourseSearchTest@46d59067</td></tr>
<tr>
<td title='testCases.RegistrationTest.RegisterMaxLastName()'><b>RegisterMaxLastName</b><br>Test class: testCases.RegistrationTest</td>
<td></td>
<td>1</td>
<td>testCases.RegistrationTest@169bb4dd</td></tr>
<tr>
<td title='testCases.RegistrationTest.RegisterEmptyEmail()'><b>RegisterEmptyEmail</b><br>Test class: testCases.RegistrationTest</td>
<td></td>
<td>1</td>
<td>testCases.RegistrationTest@169bb4dd</td></tr>
<tr>
<td title='testCases.ForgetPasswordOTPTest.ForgetPasswordWrongOTPCode()'><b>ForgetPasswordWrongOTPCode</b><br>Test class: testCases.ForgetPasswordOTPTest</td>
<td></td>
<td>1</td>
<td>testCases.ForgetPasswordOTPTest@6cd24612</td></tr>
<tr>
<td title='testCases.CourseSearchTest.FirstCharNumberCourseNameError()'><b>FirstCharNumberCourseNameError</b><br>Test class: testCases.CourseSearchTest</td>
<td></td>
<td>0</td>
<td>testCases.CourseSearchTest@46d59067</td></tr>
<tr>
<td title='testCases.ChangePasswordTest.ChangePasswordNewPasswordMinLengthError()'><b>ChangePasswordNewPasswordMinLengthError</b><br>Test class: testCases.ChangePasswordTest</td>
<td></td>
<td>0</td>
<td>testCases.ChangePasswordTest@14dd7b39</td></tr>
<tr>
<td title='testCases.ForgetPasswordOTPTest.ForgetPasswordEmptyOTPCode()'><b>ForgetPasswordEmptyOTPCode</b><br>Test class: testCases.ForgetPasswordOTPTest</td>
<td></td>
<td>1</td>
<td>testCases.ForgetPasswordOTPTest@6cd24612</td></tr>
<tr>
<td title='testCases.ForgetPasswordOTPTest.ForgetPasswordHappyScinario()'><b>ForgetPasswordHappyScinario</b><br>Test class: testCases.ForgetPasswordOTPTest</td>
<td></td>
<td>1</td>
<td>testCases.ForgetPasswordOTPTest@6cd24612</td></tr>
<tr>
<td title='testCases.ChangePasswordTest.ChangePasswordCurrentPasswordSameNewPassword()'><b>ChangePasswordCurrentPasswordSameNewPassword</b><br>Test class: testCases.ChangePasswordTest</td>
<td></td>
<td>2</td>
<td>testCases.ChangePasswordTest@14dd7b39</td></tr>
<tr>
<td title='testCases.CourseSearchTest.MaxLengthCourseNameError()'><b>MaxLengthCourseNameError</b><br>Test class: testCases.CourseSearchTest</td>
<td></td>
<td>0</td>
<td>testCases.CourseSearchTest@46d59067</td></tr>
<tr>
<td title='testCases.ChangePasswordTest.ChangePasswordOldPasswordNotMatchError()'><b>ChangePasswordOldPasswordNotMatchError</b><br>Test class: testCases.ChangePasswordTest</td>
<td></td>
<td>1</td>
<td>testCases.ChangePasswordTest@14dd7b39</td></tr>
<tr>
<td title='testCases.ChangePasswordTest.ChangePasswordConfirmNewPasswordEmptyError()'><b>ChangePasswordConfirmNewPasswordEmptyError</b><br>Test class: testCases.ChangePasswordTest</td>
<td></td>
<td>0</td>
<td>testCases.ChangePasswordTest@14dd7b39</td></tr>
<tr>
<td title='testCases.CourseSearchTest.EmptyCourseNameError()'><b>EmptyCourseNameError</b><br>Test class: testCases.CourseSearchTest</td>
<td></td>
<td>0</td>
<td>testCases.CourseSearchTest@46d59067</td></tr>
<tr>
<td title='testCases.RegistrationTest.RegisterEmptyFirstName()'><b>RegisterEmptyFirstName</b><br>Test class: testCases.RegistrationTest</td>
<td></td>
<td>1</td>
<td>testCases.RegistrationTest@169bb4dd</td></tr>
<tr>
<td title='testCases.LoginTest.LoginMinLengthPassword()'><b>LoginMinLengthPassword</b><br>Test class: testCases.LoginTest</td>
<td></td>
<td>0</td>
<td>testCases.LoginTest@4dc27487</td></tr>
<tr>
<td title='testCases.LoginTest.LoginWrongPassword()'><b>LoginWrongPassword</b><br>Test class: testCases.LoginTest</td>
<td></td>
<td>1</td>
<td>testCases.LoginTest@4dc27487</td></tr>
<tr>
<td title='testCases.ForgetPasswordResetPasswordTest.ForgetPasswordHappyScinario()'><b>ForgetPasswordHappyScinario</b><br>Test class: testCases.ForgetPasswordResetPasswordTest</td>
<td></td>
<td>1</td>
<td>testCases.ForgetPasswordResetPasswordTest@5dafbe45</td></tr>
<tr>
<td title='testCases.RegistrationTest.RegisterMatchConfirmPassword()'><b>RegisterMatchConfirmPassword</b><br>Test class: testCases.RegistrationTest</td>
<td></td>
<td>1</td>
<td>testCases.RegistrationTest@169bb4dd</td></tr>
<tr>
<td title='testCases.RegistrationTest.RegisterMinLastName()'><b>RegisterMinLastName</b><br>Test class: testCases.RegistrationTest</td>
<td></td>
<td>1</td>
<td>testCases.RegistrationTest@169bb4dd</td></tr>
<tr>
<td title='testCases.LoginTest.LoginValidEmail()'><b>LoginValidEmail</b><br>Test class: testCases.LoginTest</td>
<td></td>
<td>0</td>
<td>testCases.LoginTest@4dc27487</td></tr>
<tr>
<td title='testCases.MyAccountTest.EditProfileLastNameMinLength()'><b>EditProfileLastNameMinLength</b><br>Test class: testCases.MyAccountTest</td>
<td></td>
<td>0</td>
<td>testCases.MyAccountTest@3aa078fd</td></tr>
<tr>
<td title='testCases.ChangePasswordTest.ChangePasswordNewPasswordEmptyError()'><b>ChangePasswordNewPasswordEmptyError</b><br>Test class: testCases.ChangePasswordTest</td>
<td></td>
<td>0</td>
<td>testCases.ChangePasswordTest@14dd7b39</td></tr>
<tr>
<td title='testCases.LoginTest.LoginEmptyEmail()'><b>LoginEmptyEmail</b><br>Test class: testCases.LoginTest</td>
<td></td>
<td>1</td>
<td>testCases.LoginTest@4dc27487</td></tr>
<tr>
<td title='testCases.RegistrationTest.RegisterMaxFirstName()'><b>RegisterMaxFirstName</b><br>Test class: testCases.RegistrationTest</td>
<td></td>
<td>1</td>
<td>testCases.RegistrationTest@169bb4dd</td></tr>
<tr>
<td title='testCases.ChangePasswordTest.ChangePasswordConfirmNewPasswordMinLengthError()'><b>ChangePasswordConfirmNewPasswordMinLengthError</b><br>Test class: testCases.ChangePasswordTest</td>
<td></td>
<td>0</td>
<td>testCases.ChangePasswordTest@14dd7b39</td></tr>
<tr>
<td title='testCases.ForgetPasswordOTPTest.ForgetPasswordNotValidOTPCode()'><b>ForgetPasswordNotValidOTPCode</b><br>Test class: testCases.ForgetPasswordOTPTest</td>
<td></td>
<td>0</td>
<td>testCases.ForgetPasswordOTPTest@6cd24612</td></tr>
<tr>
<td title='testCases.ForgetPasswordResetPasswordTest.ForgetPasswordEmptyNewPassword()'><b>ForgetPasswordEmptyNewPassword</b><br>Test class: testCases.ForgetPasswordResetPasswordTest</td>
<td></td>
<td>1</td>
<td>testCases.ForgetPasswordResetPasswordTest@5dafbe45</td></tr>
<tr>
<td title='testCases.ForgetPasswordEmailTest.ForgetPasswordEmptyEmial()'><b>ForgetPasswordEmptyEmial</b><br>Test class: testCases.ForgetPasswordEmailTest</td>
<td></td>
<td>0</td>
<td>testCases.ForgetPasswordEmailTest@66ea810</td></tr>
<tr>
<td title='testCases.RegistrationTest.RegisterEmptyPassword()'><b>RegisterEmptyPassword</b><br>Test class: testCases.RegistrationTest</td>
<td></td>
<td>1</td>
<td>testCases.RegistrationTest@169bb4dd</td></tr>
<tr>
<td title='testCases.MyAccountTest.EditProfileLeavelastNameEmpty()'><b>EditProfileLeavelastNameEmpty</b><br>Test class: testCases.MyAccountTest</td>
<td></td>
<td>0</td>
<td>testCases.MyAccountTest@3aa078fd</td></tr>
<tr>
<td title='testCases.RegistrationTest.RegisterEmailLreadyExist()'><b>RegisterEmailLreadyExist</b><br>Test class: testCases.RegistrationTest</td>
<td></td>
<td>2</td>
<td>testCases.RegistrationTest@169bb4dd</td></tr>
<tr>
<td title='testCases.CourseSearchTest.MinLengthCourseNameError()'><b>MinLengthCourseNameError</b><br>Test class: testCases.CourseSearchTest</td>
<td></td>
<td>0</td>
<td>testCases.CourseSearchTest@46d59067</td></tr>
<tr>
<td title='testCases.MyAccountTest.EditProfileHappyScienario()'><b>EditProfileHappyScienario</b><br>Test class: testCases.MyAccountTest</td>
<td></td>
<td>0</td>
<td>testCases.MyAccountTest@3aa078fd</td></tr>
<tr>
<td title='testCases.ForgetPasswordEmailTest.ForgetPasswordHappyScinario()'><b>ForgetPasswordHappyScinario</b><br>Test class: testCases.ForgetPasswordEmailTest</td>
<td></td>
<td>1</td>
<td>testCases.ForgetPasswordEmailTest@66ea810</td></tr>
<tr>
<td title='testCases.RegistrationTest.RegisterValidEmail()'><b>RegisterValidEmail</b><br>Test class: testCases.RegistrationTest</td>
<td></td>
<td>1</td>
<td>testCases.RegistrationTest@169bb4dd</td></tr>
<tr>
<td title='testCases.CourseSearchTest.SearchCourseHappyScienarioByCheckOnSearchResultByListCourseCardsIndex()'><b>SearchCourseHappyScienarioByCheckOnSearchResultByListCourseCardsIndex</b><br>Test class: testCases.CourseSearchTest</td>
<td></td>
<td>31</td>
<td>testCases.CourseSearchTest@46d59067</td></tr>
<tr>
<td title='testCases.ForgetPasswordEmailTest.ForgetPasswordNotValidEmial()'><b>ForgetPasswordNotValidEmial</b><br>Test class: testCases.ForgetPasswordEmailTest</td>
<td></td>
<td>0</td>
<td>testCases.ForgetPasswordEmailTest@66ea810</td></tr>
<tr>
<td title='testCases.CourseSearchTest.SpecialCharNumberCourseNameError()'><b>SpecialCharNumberCourseNameError</b><br>Test class: testCases.CourseSearchTest</td>
<td></td>
<td>0</td>
<td>testCases.CourseSearchTest@46d59067</td></tr>
<tr>
<td title='testCases.ForgetPasswordResetPasswordTest.ForgetPasswordEmptyConfirmNewPassword()'><b>ForgetPasswordEmptyConfirmNewPassword</b><br>Test class: testCases.ForgetPasswordResetPasswordTest</td>
<td></td>
<td>0</td>
<td>testCases.ForgetPasswordResetPasswordTest@5dafbe45</td></tr>
</table><p>
</body>
</html>