<?xml version="1.0" encoding="UTF-8"?>
<!-- Generated by org.testng.reporters.JUnitXMLReporter -->
<testsuite ignored="14" hostname="DESKTOP-LUU7922" failures="1" tests="59" name="System Test" time="151.408" errors="0" timestamp="2023-11-22T05:39:09 EET">
  <testcase classname="testCases.LoginTest" name="LoginEmptyEmail" time="1.103"/>
  <testcase classname="testCases.LoginTest" name="LoginValidEmail" time="0.569"/>
  <testcase classname="testCases.LoginTest" name="LoginEmptyPassword" time="0.559"/>
  <testcase classname="testCases.LoginTest" name="LoginMinLengthPassword" time="0.547"/>
  <testcase classname="testCases.LoginTest" name="LoginWrongPassword" time="1.38"/>
  <testcase classname="testCases.LoginTest" name="LoginWrongEmail" time="1.393"/>
  <testcase classname="testCases.LoginTest" name="LoginHappyScienario" time="2.559"/>
  <testcase classname="testCases.RegistrationTest" name="RegisterEmptyFirstName" time="1.321"/>
  <testcase classname="testCases.RegistrationTest" name="RegisterMinFirstName" time="1.231"/>
  <testcase classname="testCases.RegistrationTest" name="RegisterMaxFirstName" time="1.453"/>
  <testcase classname="testCases.RegistrationTest" name="RegisterEmptyLastName" time="1.193"/>
  <testcase classname="testCases.RegistrationTest" name="RegisterMinLastName" time="1.196"/>
  <testcase classname="testCases.RegistrationTest" name="RegisterMaxLastName" time="1.293"/>
  <testcase classname="testCases.RegistrationTest" name="RegisterEmptyEmail" time="1.214"/>
  <testcase classname="testCases.RegistrationTest" name="RegisterValidEmail" time="1.244"/>
  <testcase classname="testCases.RegistrationTest" name="RegisterEmailLreadyExist" time="2.481"/>
  <testcase classname="testCases.RegistrationTest" name="RegisterEmptyPassword" time="1.454"/>
  <testcase classname="testCases.RegistrationTest" name="RegisterMinLengthPassword" time="1.192"/>
  <testcase classname="testCases.RegistrationTest" name="RegisterEmptyConfirmPassword" time="1.154"/>
  <testcase classname="testCases.RegistrationTest" name="RegisterMatchConfirmPassword" time="1.235"/>
  <testcase classname="testCases.RegistrationTest" name="RegisterHappyScinario" time="16.305">
    <failure type="org.openqa.selenium.NoSuchElementException" message="no such element: Unable to locate element: {&amp;quot;method&amp;quot;:&amp;quot;css selector&amp;quot;,&amp;quot;selector&amp;quot;:&amp;quot;*[name=&amp;apos;submit login&amp;apos;]&amp;quot;}
  (Session info: chrome=119.0.6045.160)
For documentation on this error, please visit: https://www.selenium.dev/documentation/webdriver/troubleshooting/errors#no-such-element-exception
Build info: version: &amp;apos;4.10.0&amp;apos;, revision: &amp;apos;c14d967899&amp;apos;
System info: os.name: &amp;apos;Windows 10&amp;apos;, os.arch: &amp;apos;amd64&amp;apos;, os.version: &amp;apos;10.0&amp;apos;, java.version: &amp;apos;20.0.1&amp;apos;
Driver info: org.openqa.selenium.chrome.ChromeDriver
Command: [0cdca0b91bbc12b4051e2fea000bbe44, findElement {using=name, value=submit login}]
Capabilities {acceptInsecureCerts: false, browserName: chrome, browserVersion: 119.0.6045.160, chrome: {chromedriverVersion: 119.0.6045.105 (38c72552c5e..., userDataDir: C:\Users\Shogaa\AppData\Loc...}, fedcm:accounts: true, goog:chromeOptions: {debuggerAddress: localhost:58558}, networkConnectionEnabled: false, pageLoadStrategy: normal, platformName: windows, proxy: Proxy(), se:cdp: ws://localhost:58558/devtoo..., se:cdpVersion: 119.0.6045.160, setWindowRect: true, strictFileInteractability: false, timeouts: {implicit: 0, pageLoad: 300000, script: 30000}, unhandledPromptBehavior: dismiss and notify, webauthn:extension:credBlob: true, webauthn:extension:largeBlob: true, webauthn:extension:minPinLength: true, webauthn:extension:prf: true, webauthn:virtualAuthenticators: true}
Session ID: 0cdca0b91bbc12b4051e2fea000bbe44">
      <![CDATA[org.openqa.selenium.NoSuchElementException: no such element: Unable to locate element: {"method":"css selector","selector":"*[name='submit login']"}
  (Session info: chrome=119.0.6045.160)
For documentation on this error, please visit: https://www.selenium.dev/documentation/webdriver/troubleshooting/errors#no-such-element-exception
Build info: version: '4.10.0', revision: 'c14d967899'
System info: os.name: 'Windows 10', os.arch: 'amd64', os.version: '10.0', java.version: '20.0.1'
Driver info: org.openqa.selenium.chrome.ChromeDriver
Command: [0cdca0b91bbc12b4051e2fea000bbe44, findElement {using=name, value=submit login}]
Capabilities {acceptInsecureCerts: false, browserName: chrome, browserVersion: 119.0.6045.160, chrome: {chromedriverVersion: 119.0.6045.105 (38c72552c5e..., userDataDir: C:\Users\Shogaa\AppData\Loc...}, fedcm:accounts: true, goog:chromeOptions: {debuggerAddress: localhost:58558}, networkConnectionEnabled: false, pageLoadStrategy: normal, platformName: windows, proxy: Proxy(), se:cdp: ws://localhost:58558/devtoo..., se:cdpVersion: 119.0.6045.160, setWindowRect: true, strictFileInteractability: false, timeouts: {implicit: 0, pageLoad: 300000, script: 30000}, unhandledPromptBehavior: dismiss and notify, webauthn:extension:credBlob: true, webauthn:extension:largeBlob: true, webauthn:extension:minPinLength: true, webauthn:extension:prf: true, webauthn:virtualAuthenticators: true}
Session ID: 0cdca0b91bbc12b4051e2fea000bbe44
at org.openqa.selenium.remote.codec.w3c.W3CHttpResponseCodec.createException(W3CHttpResponseCodec.java:200)
at org.openqa.selenium.remote.codec.w3c.W3CHttpResponseCodec.decode(W3CHttpResponseCodec.java:133)
at org.openqa.selenium.remote.codec.w3c.W3CHttpResponseCodec.decode(W3CHttpResponseCodec.java:52)
at org.openqa.selenium.remote.HttpCommandExecutor.execute(HttpCommandExecutor.java:191)
at org.openqa.selenium.remote.service.DriverCommandExecutor.invokeExecute(DriverCommandExecutor.java:196)
at org.openqa.selenium.remote.service.DriverCommandExecutor.execute(DriverCommandExecutor.java:171)
at org.openqa.selenium.remote.RemoteWebDriver.execute(RemoteWebDriver.java:518)
at org.openqa.selenium.remote.ElementLocation$ElementFinder$2.findElement(ElementLocation.java:165)
at org.openqa.selenium.remote.ElementLocation.findElement(ElementLocation.java:59)
at org.openqa.selenium.remote.RemoteWebDriver.findElement(RemoteWebDriver.java:355)
at org.openqa.selenium.remote.RemoteWebDriver.findElement(RemoteWebDriver.java:349)
at org.openqa.selenium.support.pagefactory.DefaultElementLocator.findElement(DefaultElementLocator.java:68)
at org.openqa.selenium.support.pagefactory.internal.LocatingElementHandler.invoke(LocatingElementHandler.java:38)
at jdk.proxy2/jdk.proxy2.$Proxy23.getText(Unknown Source)
at testCases.TestBase.AssertElementContainText(TestBase.java:153)
at testCases.RegistrationTest.RegisterHappyScinario(RegistrationTest.java:40)
at java.base/java.util.ArrayList.forEach(ArrayList.java:1511)
... Removed 28 stack frames]]>
    </failure>
  </testcase> <!-- RegisterHappyScinario -->
  <testcase classname="testCases.MyAccountTest" name="EditProfileFirstNameMinLength" time="1.21"/>
  <testcase classname="testCases.MyAccountTest" name="EditProfileFirstNameMaxLength" time="1.049"/>
  <testcase classname="testCases.MyAccountTest" name="EditProfileLeaveFirstNameEmpty" time="0.739"/>
  <testcase classname="testCases.MyAccountTest" name="EditProfileLastNameMinLength" time="0.7"/>
  <testcase classname="testCases.MyAccountTest" name="EditProfileLastNameMaxLength" time="0.8"/>
  <testcase classname="testCases.MyAccountTest" name="EditProfileLeavelastNameEmpty" time="0.624"/>
  <testcase classname="testCases.MyAccountTest" name="EditProfileHappyScienario" time="0.745"/>
  <testcase classname="testCases.CourseSearchTest" name="EmptyCourseNameError" time="0.267"/>
  <testcase classname="testCases.CourseSearchTest" name="MinLengthCourseNameError" time="0.24"/>
  <testcase classname="testCases.CourseSearchTest" name="MaxLengthCourseNameError" time="0.43"/>
  <testcase classname="testCases.CourseSearchTest" name="NumbersOnlyCourseNameError" time="0.246"/>
  <testcase classname="testCases.CourseSearchTest" name="FirstCharNumberCourseNameError" time="0.289"/>
  <testcase classname="testCases.CourseSearchTest" name="SpecialCharNumberCourseNameError" time="0.259"/>
  <testcase classname="testCases.CourseSearchTest" name="SearchCourseHappyScienarioByCheckingOnSearchResultByText" time="7.447"/>
  <testcase classname="testCases.CourseSearchTest" name="SearchCourseHappyScienarioByCheckOnSearchResultByListCourseCardsIndex" time="31.738"/>
  <testcase classname="testCases.ChangePasswordTest" name="ChangePasswordOldPasswordEmptyError" time="0.887"/>
  <testcase classname="testCases.ChangePasswordTest" name="ChangePasswordOldPasswordMinLengthError" time="0.744"/>
  <testcase classname="testCases.ChangePasswordTest" name="ChangePasswordOldPasswordNotMatchError" time="1.739"/>
  <testcase classname="testCases.ChangePasswordTest" name="ChangePasswordNewPasswordEmptyError" time="0.956"/>
  <testcase classname="testCases.ChangePasswordTest" name="ChangePasswordNewPasswordMinLengthError" time="0.812"/>
  <testcase classname="testCases.ChangePasswordTest" name="ChangePasswordConfirmNewPasswordEmptyError" time="0.731"/>
  <testcase classname="testCases.ChangePasswordTest" name="ChangePasswordConfirmNewPasswordMinLengthError" time="0.76"/>
  <testcase classname="testCases.ChangePasswordTest" name="ChangePasswordConfirmNewPasswordNotMatchError" time="0.787"/>
  <testcase classname="testCases.ChangePasswordTest" name="ChangePasswordCurrentPasswordSameNewPassword" time="2.027"/>
  <testcase classname="testCases.ChangePasswordTest" name="ChangePasswordHappyScienario" time="1.92"/>
  <testcase classname="testCases.ForgetPasswordEmailTest" name="ForgetPasswordEmptyEmial" time="0.322"/>
  <testcase classname="testCases.ForgetPasswordEmailTest" name="ForgetPasswordNotValidEmial" time="0.353"/>
  <testcase classname="testCases.ForgetPasswordEmailTest" name="ForgetPasswordNotRegisteredEmial" time="1.026"/>
  <testcase classname="testCases.ForgetPasswordEmailTest" name="ForgetPasswordHappyScinario" time="1.805"/>
  <testcase classname="testCases.ForgetPasswordOTPTest" name="ForgetPasswordEmptyOTPCode" time="1.79"/>
  <testcase classname="testCases.ForgetPasswordOTPTest" name="ForgetPasswordNotValidOTPCode" time="0.499"/>
  <testcase classname="testCases.ForgetPasswordOTPTest" name="ForgetPasswordWrongOTPCode" time="1.26"/>
  <testcase classname="testCases.ForgetPasswordOTPTest" name="ForgetPasswordHappyScinario" time="1.249"/>
  <testcase classname="testCases.ForgetPasswordResetPasswordTest" name="ForgetPasswordEmptyNewPassword" time="1.246"/>
  <testcase classname="testCases.ForgetPasswordResetPasswordTest" name="ForgetPasswordMinLengthNewPassword" time="0.481"/>
  <testcase classname="testCases.ForgetPasswordResetPasswordTest" name="ForgetPasswordEmptyConfirmNewPassword" time="0.452"/>
  <testcase classname="testCases.ForgetPasswordResetPasswordTest" name="ForgetPasswordNotMatchConfirmNewPassword" time="1.197"/>
  <testcase classname="testCases.ForgetPasswordResetPasswordTest" name="ForgetPasswordHappyScinario" time="1.441"/>
  <testcase classname="testCases.TestBase" name="@AfterSuite StopDriver" time="0.0">
    <ignored/>
  </testcase> <!-- @AfterSuite StopDriver -->
  <testcase classname="testCases.TestBase" name="@AfterSuite StopDriver" time="0.0">
    <ignored/>
  </testcase> <!-- @AfterSuite StopDriver -->
  <testcase classname="testCases.TestBase" name="@AfterSuite StopDriver" time="0.0">
    <ignored/>
  </testcase> <!-- @AfterSuite StopDriver -->
  <testcase classname="testCases.TestBase" name="@AfterSuite StopDriver" time="0.0">
    <ignored/>
  </testcase> <!-- @AfterSuite StopDriver -->
  <testcase classname="testCases.TestBase" name="@AfterSuite StopDriver" time="0.0">
    <ignored/>
  </testcase> <!-- @AfterSuite StopDriver -->
  <testcase classname="testCases.TestBase" name="@AfterSuite StopDriver" time="0.0">
    <ignored/>
  </testcase> <!-- @AfterSuite StopDriver -->
  <testcase classname="testCases.TestBase" name="@AfterSuite StopDriver" time="0.0">
    <ignored/>
  </testcase> <!-- @AfterSuite StopDriver -->
  <testcase classname="testCases.TestBase" name="@BeforeSuite StartDriver" time="0.0">
    <ignored/>
  </testcase> <!-- @BeforeSuite StartDriver -->
  <testcase classname="testCases.TestBase" name="@BeforeSuite StartDriver" time="0.0">
    <ignored/>
  </testcase> <!-- @BeforeSuite StartDriver -->
  <testcase classname="testCases.TestBase" name="@BeforeSuite StartDriver" time="0.0">
    <ignored/>
  </testcase> <!-- @BeforeSuite StartDriver -->
  <testcase classname="testCases.TestBase" name="@BeforeSuite StartDriver" time="0.0">
    <ignored/>
  </testcase> <!-- @BeforeSuite StartDriver -->
  <testcase classname="testCases.TestBase" name="@BeforeSuite StartDriver" time="0.0">
    <ignored/>
  </testcase> <!-- @BeforeSuite StartDriver -->
  <testcase classname="testCases.TestBase" name="@BeforeSuite StartDriver" time="0.0">
    <ignored/>
  </testcase> <!-- @BeforeSuite StartDriver -->
  <testcase classname="testCases.TestBase" name="@BeforeSuite StartDriver" time="0.0">
    <ignored/>
  </testcase> <!-- @BeforeSuite StartDriver -->
</testsuite> <!-- System Test -->
