<?xml version="1.0" encoding="UTF-8"?>
<!-- Generated by org.testng.reporters.JUnitXMLReporter -->
<testsuite ignored="0" hostname="DESKTOP-LUU7922" failures="0" tests="14" name="Default test" time="19.576" errors="0" timestamp="2023-11-21T16:58:46 EET">
  <testcase classname="testCases.RegistrationTest" name="@BeforeClass beforRegister" time="17.54">
    <failure type="org.openqa.selenium.NoSuchElementException" message="no such element: Unable to locate element: {&amp;quot;method&amp;quot;:&amp;quot;xpath&amp;quot;,&amp;quot;selector&amp;quot;:&amp;quot;//button[@name=&amp;apos;login header&amp;apos;]&amp;quot;}
  (Session info: chrome=119.0.6045.160)
For documentation on this error, please visit: https://www.selenium.dev/documentation/webdriver/troubleshooting/errors#no-such-element-exception
Build info: version: &amp;apos;4.10.0&amp;apos;, revision: &amp;apos;c14d967899&amp;apos;
System info: os.name: &amp;apos;Windows 10&amp;apos;, os.arch: &amp;apos;amd64&amp;apos;, os.version: &amp;apos;10.0&amp;apos;, java.version: &amp;apos;20.0.1&amp;apos;
Driver info: org.openqa.selenium.chrome.ChromeDriver
Command: [cde2b45a46f3b9c2861197ca7389bff8, findElement {using=xpath, value=//button[@name=&amp;apos;login header&amp;apos;]}]
Capabilities {acceptInsecureCerts: false, browserName: chrome, browserVersion: 119.0.6045.160, chrome: {chromedriverVersion: 119.0.6045.105 (38c72552c5e..., userDataDir: C:\Users\Shogaa\AppData\Loc...}, fedcm:accounts: true, goog:chromeOptions: {debuggerAddress: localhost:51030}, networkConnectionEnabled: false, pageLoadStrategy: normal, platformName: windows, proxy: Proxy(), se:cdp: ws://localhost:51030/devtoo..., se:cdpVersion: 119.0.6045.160, setWindowRect: true, strictFileInteractability: false, timeouts: {implicit: 0, pageLoad: 300000, script: 30000}, unhandledPromptBehavior: dismiss and notify, webauthn:extension:credBlob: true, webauthn:extension:largeBlob: true, webauthn:extension:minPinLength: true, webauthn:extension:prf: true, webauthn:virtualAuthenticators: true}
Session ID: cde2b45a46f3b9c2861197ca7389bff8">
      <![CDATA[org.openqa.selenium.NoSuchElementException: no such element: Unable to locate element: {"method":"xpath","selector":"//button[@name='login header']"}
  (Session info: chrome=119.0.6045.160)
For documentation on this error, please visit: https://www.selenium.dev/documentation/webdriver/troubleshooting/errors#no-such-element-exception
Build info: version: '4.10.0', revision: 'c14d967899'
System info: os.name: 'Windows 10', os.arch: 'amd64', os.version: '10.0', java.version: '20.0.1'
Driver info: org.openqa.selenium.chrome.ChromeDriver
Command: [cde2b45a46f3b9c2861197ca7389bff8, findElement {using=xpath, value=//button[@name='login header']}]
Capabilities {acceptInsecureCerts: false, browserName: chrome, browserVersion: 119.0.6045.160, chrome: {chromedriverVersion: 119.0.6045.105 (38c72552c5e..., userDataDir: C:\Users\Shogaa\AppData\Loc...}, fedcm:accounts: true, goog:chromeOptions: {debuggerAddress: localhost:51030}, networkConnectionEnabled: false, pageLoadStrategy: normal, platformName: windows, proxy: Proxy(), se:cdp: ws://localhost:51030/devtoo..., se:cdpVersion: 119.0.6045.160, setWindowRect: true, strictFileInteractability: false, timeouts: {implicit: 0, pageLoad: 300000, script: 30000}, unhandledPromptBehavior: dismiss and notify, webauthn:extension:credBlob: true, webauthn:extension:largeBlob: true, webauthn:extension:minPinLength: true, webauthn:extension:prf: true, webauthn:virtualAuthenticators: true}
Session ID: cde2b45a46f3b9c2861197ca7389bff8
at java.base/jdk.internal.reflect.DirectConstructorHandleAccessor.newInstance(DirectConstructorHandleAccessor.java:67)
at java.base/java.lang.reflect.Constructor.newInstanceWithCaller(Constructor.java:500)
at java.base/java.lang.reflect.Constructor.newInstance(Constructor.java:484)
at org.openqa.selenium.remote.codec.w3c.W3CHttpResponseCodec.createException(W3CHttpResponseCodec.java:200)
at org.openqa.selenium.remote.codec.w3c.W3CHttpResponseCodec.decode(W3CHttpResponseCodec.java:133)
at org.openqa.selenium.remote.codec.w3c.W3CHttpResponseCodec.decode(W3CHttpResponseCodec.java:52)
at org.openqa.selenium.remote.HttpCommandExecutor.execute(HttpCommandExecutor.java:191)
at org.openqa.selenium.remote.service.DriverCommandExecutor.invokeExecute(DriverCommandExecutor.java:196)
at org.openqa.selenium.remote.service.DriverCommandExecutor.execute(DriverCommandExecutor.java:171)
at org.openqa.selenium.remote.RemoteWebDriver.execute(RemoteWebDriver.java:518)
at org.openqa.selenium.remote.ElementLocation$ElementFinder$2.findElement(ElementLocation.java:165)
at org.openqa.selenium.remote.ElementLocation.findElement(ElementLocation.java:59)
at org.openqa.selenium.remote.RemoteWebDriver.findElement(RemoteWebDriver.java:355)
at org.openqa.selenium.remote.RemoteWebDriver.findElement(RemoteWebDriver.java:349)
at org.openqa.selenium.support.pagefactory.DefaultElementLocator.findElement(DefaultElementLocator.java:68)
at org.openqa.selenium.support.pagefactory.internal.LocatingElementHandler.invoke(LocatingElementHandler.java:38)
at jdk.proxy2/jdk.proxy2.$Proxy22.click(Unknown Source)
at pages.PageBase.Clickbutton(PageBase.java:38)
at pages.HomePage.OpenLoginPage(HomePage.java:39)
at testCases.RegistrationTest.beforRegister(RegistrationTest.java:20)
at java.base/jdk.internal.reflect.DirectMethodHandleAccessor.invoke(DirectMethodHandleAccessor.java:104)
at java.base/java.lang.reflect.Method.invoke(Method.java:578)
at org.testng.internal.MethodInvocationHelper.invokeMethod(MethodInvocationHelper.java:133)
at org.testng.internal.MethodInvocationHelper.invokeMethodConsideringTimeout(MethodInvocationHelper.java:62)
at org.testng.internal.ConfigInvoker.invokeConfigurationMethod(ConfigInvoker.java:385)
at org.testng.internal.ConfigInvoker.invokeConfigurations(ConfigInvoker.java:321)
at org.testng.internal.TestMethodWorker.invokeBeforeClassMethods(TestMethodWorker.java:176)
at org.testng.internal.TestMethodWorker.run(TestMethodWorker.java:122)
at java.base/java.util.ArrayList.forEach(ArrayList.java:1511)
at org.testng.TestRunner.privateRun(TestRunner.java:794)
at org.testng.TestRunner.run(TestRunner.java:596)
at org.testng.SuiteRunner.runTest(SuiteRunner.java:377)
at org.testng.SuiteRunner.runSequentially(SuiteRunner.java:371)
at org.testng.SuiteRunner.privateRun(SuiteRunner.java:332)
at org.testng.SuiteRunner.run(SuiteRunner.java:276)
at org.testng.SuiteRunnerWorker.runSuite(SuiteRunnerWorker.java:53)
at org.testng.SuiteRunnerWorker.run(SuiteRunnerWorker.java:96)
at org.testng.TestNG.runSuitesSequentially(TestNG.java:1212)
at org.testng.TestNG.runSuitesLocally(TestNG.java:1134)
at org.testng.TestNG.runSuites(TestNG.java:1063)
at org.testng.TestNG.run(TestNG.java:1031)
at org.testng.remote.AbstractRemoteTestNG.run(AbstractRemoteTestNG.java:115)
at org.testng.remote.RemoteTestNG.initAndRun(RemoteTestNG.java:251)
at org.testng.remote.RemoteTestNG.main(RemoteTestNG.java:77)
]]>
    </failure>
  </testcase> <!-- @BeforeClass beforRegister -->
  <testcase classname="testCases.RegistrationTest" name="@BeforeMethod ScrollUpbeforStart" time="-1.700578725436E9">
    <skipped/>
  </testcase> <!-- @BeforeMethod ScrollUpbeforStart -->
  <testcase classname="testCases.TestBase" name="@AfterMethod TakeScrrenShots" time="-1.700578725518E9">
    <skipped/>
  </testcase> <!-- @AfterMethod TakeScrrenShots -->
  <testcase classname="testCases.RegistrationTest" name="@BeforeMethod ScrollUpbeforStart" time="-1.700578725542E9">
    <skipped/>
  </testcase> <!-- @BeforeMethod ScrollUpbeforStart -->
  <testcase classname="testCases.TestBase" name="@AfterMethod TakeScrrenShots" time="-1.700578725616E9">
    <skipped/>
  </testcase> <!-- @AfterMethod TakeScrrenShots -->
  <testcase classname="testCases.RegistrationTest" name="@BeforeMethod ScrollUpbeforStart" time="-1.700578725629E9">
    <skipped/>
  </testcase> <!-- @BeforeMethod ScrollUpbeforStart -->
  <testcase classname="testCases.TestBase" name="@AfterMethod TakeScrrenShots" time="-1.700578725708E9">
    <skipped/>
  </testcase> <!-- @AfterMethod TakeScrrenShots -->
  <testcase classname="testCases.RegistrationTest" name="@BeforeMethod ScrollUpbeforStart" time="-1.700578725731E9">
    <skipped/>
  </testcase> <!-- @BeforeMethod ScrollUpbeforStart -->
  <testcase classname="testCases.TestBase" name="@AfterMethod TakeScrrenShots" time="-1.700578725785E9">
    <skipped/>
  </testcase> <!-- @AfterMethod TakeScrrenShots -->
  <testcase classname="testCases.RegistrationTest" name="@BeforeMethod ScrollUpbeforStart" time="-1.700578725792E9">
    <skipped/>
  </testcase> <!-- @BeforeMethod ScrollUpbeforStart -->
  <testcase classname="testCases.TestBase" name="@AfterMethod TakeScrrenShots" time="-1.700578725822E9">
    <skipped/>
  </testcase> <!-- @AfterMethod TakeScrrenShots -->
  <testcase classname="testCases.RegistrationTest" name="@BeforeMethod ScrollUpbeforStart" time="-1.700578725842E9">
    <skipped/>
  </testcase> <!-- @BeforeMethod ScrollUpbeforStart -->
  <testcase classname="testCases.TestBase" name="@AfterMethod TakeScrrenShots" time="-1.700578725912E9">
    <skipped/>
  </testcase> <!-- @AfterMethod TakeScrrenShots -->
  <testcase classname="testCases.RegistrationTest" name="@BeforeMethod ScrollUpbeforStart" time="-1.700578725975E9">
    <skipped/>
  </testcase> <!-- @BeforeMethod ScrollUpbeforStart -->
  <testcase classname="testCases.TestBase" name="@AfterMethod TakeScrrenShots" time="-1.700578726084E9">
    <skipped/>
  </testcase> <!-- @AfterMethod TakeScrrenShots -->
  <testcase classname="testCases.RegistrationTest" name="@BeforeMethod ScrollUpbeforStart" time="-1.7005787261E9">
    <skipped/>
  </testcase> <!-- @BeforeMethod ScrollUpbeforStart -->
  <testcase classname="testCases.TestBase" name="@AfterMethod TakeScrrenShots" time="-1.700578726162E9">
    <skipped/>
  </testcase> <!-- @AfterMethod TakeScrrenShots -->
  <testcase classname="testCases.RegistrationTest" name="@BeforeMethod ScrollUpbeforStart" time="-1.700578726171E9">
    <skipped/>
  </testcase> <!-- @BeforeMethod ScrollUpbeforStart -->
  <testcase classname="testCases.TestBase" name="@AfterMethod TakeScrrenShots" time="-1.700578726218E9">
    <skipped/>
  </testcase> <!-- @AfterMethod TakeScrrenShots -->
  <testcase classname="testCases.RegistrationTest" name="@BeforeMethod ScrollUpbeforStart" time="-1.700578726226E9">
    <skipped/>
  </testcase> <!-- @BeforeMethod ScrollUpbeforStart -->
  <testcase classname="testCases.TestBase" name="@AfterMethod TakeScrrenShots" time="-1.700578726273E9">
    <skipped/>
  </testcase> <!-- @AfterMethod TakeScrrenShots -->
  <testcase classname="testCases.RegistrationTest" name="@BeforeMethod ScrollUpbeforStart" time="-1.700578726284E9">
    <skipped/>
  </testcase> <!-- @BeforeMethod ScrollUpbeforStart -->
  <testcase classname="testCases.TestBase" name="@AfterMethod TakeScrrenShots" time="-1.700578726339E9">
    <skipped/>
  </testcase> <!-- @AfterMethod TakeScrrenShots -->
  <testcase classname="testCases.RegistrationTest" name="@BeforeMethod ScrollUpbeforStart" time="-1.700578726352E9">
    <skipped/>
  </testcase> <!-- @BeforeMethod ScrollUpbeforStart -->
  <testcase classname="testCases.TestBase" name="@AfterMethod TakeScrrenShots" time="-1.700578726383E9">
    <skipped/>
  </testcase> <!-- @AfterMethod TakeScrrenShots -->
  <testcase classname="testCases.RegistrationTest" name="@BeforeMethod ScrollUpbeforStart" time="-1.700578726404E9">
    <skipped/>
  </testcase> <!-- @BeforeMethod ScrollUpbeforStart -->
  <testcase classname="testCases.TestBase" name="@AfterMethod TakeScrrenShots" time="-1.700578726437E9">
    <skipped/>
  </testcase> <!-- @AfterMethod TakeScrrenShots -->
  <testcase classname="testCases.RegistrationTest" name="@BeforeMethod ScrollUpbeforStart" time="-1.700578726469E9">
    <skipped/>
  </testcase> <!-- @BeforeMethod ScrollUpbeforStart -->
  <testcase classname="testCases.TestBase" name="@AfterMethod TakeScrrenShots" time="-1.700578726535E9">
    <skipped/>
  </testcase> <!-- @AfterMethod TakeScrrenShots -->
  <testcase classname="testCases.RegistrationTest" name="RegisterEmptyFirstName" time="0.0">
    <skipped/>
  </testcase> <!-- RegisterEmptyFirstName -->
  <testcase classname="testCases.RegistrationTest" name="RegisterMinFirstName" time="0.0">
    <skipped/>
  </testcase> <!-- RegisterMinFirstName -->
  <testcase classname="testCases.RegistrationTest" name="RegisterMaxFirstName" time="0.0">
    <skipped/>
  </testcase> <!-- RegisterMaxFirstName -->
  <testcase classname="testCases.RegistrationTest" name="RegisterEmptyLastName" time="0.0">
    <skipped/>
  </testcase> <!-- RegisterEmptyLastName -->
  <testcase classname="testCases.RegistrationTest" name="RegisterMinLastName" time="0.0">
    <skipped/>
  </testcase> <!-- RegisterMinLastName -->
  <testcase classname="testCases.RegistrationTest" name="RegisterMaxLastName" time="0.0">
    <skipped/>
  </testcase> <!-- RegisterMaxLastName -->
  <testcase classname="testCases.RegistrationTest" name="RegisterEmptyEmail" time="0.0">
    <skipped/>
  </testcase> <!-- RegisterEmptyEmail -->
  <testcase classname="testCases.RegistrationTest" name="RegisterValidEmail" time="0.0">
    <skipped/>
  </testcase> <!-- RegisterValidEmail -->
  <testcase classname="testCases.RegistrationTest" name="RegisterEmailLreadyExist" time="0.0">
    <skipped/>
  </testcase> <!-- RegisterEmailLreadyExist -->
  <testcase classname="testCases.RegistrationTest" name="RegisterEmptyPassword" time="0.0">
    <skipped/>
  </testcase> <!-- RegisterEmptyPassword -->
  <testcase classname="testCases.RegistrationTest" name="RegisterMinLengthPassword" time="0.0">
    <skipped/>
  </testcase> <!-- RegisterMinLengthPassword -->
  <testcase classname="testCases.RegistrationTest" name="RegisterEmptyConfirmPassword" time="0.0">
    <skipped/>
  </testcase> <!-- RegisterEmptyConfirmPassword -->
  <testcase classname="testCases.RegistrationTest" name="RegisterMatchConfirmPassword" time="0.0">
    <skipped/>
  </testcase> <!-- RegisterMatchConfirmPassword -->
  <testcase classname="testCases.RegistrationTest" name="RegisterHappyScinario" time="0.0">
    <skipped/>
  </testcase> <!-- RegisterHappyScinario -->
</testsuite> <!-- Default test -->
